2011-03-16 19:29:51 Warning: Warning (512): Method HtmlHelper::img does not exist in [/var/www/html/main/cake/libs/view/helper.php, line 154]
2011-03-22 19:48:33 Warning: Warning (512): <span style="color:Red;text-align:left"><b>SQL Error:</b> 1064: You have an error in your SQL syntax; check the manual that corresponds to your MySQL server version for the right syntax to use near 'findAll' at line 1</span> in [/var/www/html/main/cake/libs/model/datasources/dbo_source.php, line 684]
2011-03-22 19:49:49 Warning: Warning (512): <span style="color:Red;text-align:left"><b>SQL Error:</b> 1064: You have an error in your SQL syntax; check the manual that corresponds to your MySQL server version for the right syntax to use near 'findAll' at line 1</span> in [/var/www/html/main/cake/libs/model/datasources/dbo_source.php, line 684]
2011-03-22 19:49:50 Warning: Warning (512): <span style="color:Red;text-align:left"><b>SQL Error:</b> 1064: You have an error in your SQL syntax; check the manual that corresponds to your MySQL server version for the right syntax to use near 'findAll' at line 1</span> in [/var/www/html/main/cake/libs/model/datasources/dbo_source.php, line 684]
2011-03-22 19:51:09 Warning: Warning (512): <span style="color:Red;text-align:left"><b>SQL Error:</b> 1064: You have an error in your SQL syntax; check the manual that corresponds to your MySQL server version for the right syntax to use near 'findAll' at line 1</span> in [/var/www/html/main/cake/libs/model/datasources/dbo_source.php, line 684]
2011-03-22 19:56:05 Warning: Warning (512): <span style="color:Red;text-align:left"><b>SQL Error:</b> 1064: You have an error in your SQL syntax; check the manual that corresponds to your MySQL server version for the right syntax to use near 'findAll' at line 1</span> in [/var/www/html/main/cake/libs/model/datasources/dbo_source.php, line 684]
2011-03-22 19:56:32 Warning: Warning (512): <span style="color:Red;text-align:left"><b>SQL Error:</b> 1064: You have an error in your SQL syntax; check the manual that corresponds to your MySQL server version for the right syntax to use near 'findAll' at line 1</span> in [/var/www/html/main/cake/libs/model/datasources/dbo_source.php, line 684]
2011-03-22 19:57:26 Warning: Warning (512): <span style="color:Red;text-align:left"><b>SQL Error:</b> 1064: You have an error in your SQL syntax; check the manual that corresponds to your MySQL server version for the right syntax to use near 'findAll' at line 1</span> in [/var/www/html/main/cake/libs/model/datasources/dbo_source.php, line 684]
2011-03-22 19:59:09 Warning: Warning (512): <span style="color:Red;text-align:left"><b>SQL Error:</b> 1064: You have an error in your SQL syntax; check the manual that corresponds to your MySQL server version for the right syntax to use near 'findAll' at line 1</span> in [/var/www/html/main/cake/libs/model/datasources/dbo_source.php, line 684]
2011-03-22 19:59:11 Warning: Warning (512): <span style="color:Red;text-align:left"><b>SQL Error:</b> 1064: You have an error in your SQL syntax; check the manual that corresponds to your MySQL server version for the right syntax to use near 'findAll' at line 1</span> in [/var/www/html/main/cake/libs/model/datasources/dbo_source.php, line 684]
2011-03-22 20:20:13 Warning: Warning (512): Method HtmlHelper::input does not exist in [/var/www/html/main/cake/libs/view/helper.php, line 154]
2011-03-22 20:20:13 Warning: Warning (512): Method HtmlHelper::submit does not exist in [/var/www/html/main/cake/libs/view/helper.php, line 154]
2011-03-22 20:21:38 Warning: Warning (512): Method HtmlHelper::input does not exist in [/var/www/html/main/cake/libs/view/helper.php, line 154]
2011-03-22 20:21:38 Warning: Warning (512): Method HtmlHelper::submit does not exist in [/var/www/html/main/cake/libs/view/helper.php, line 154]
2011-03-22 20:23:44 Warning: Warning (512): Method HtmlHelper::input does not exist in [/var/www/html/main/cake/libs/view/helper.php, line 154]
2011-03-22 20:23:44 Warning: Warning (512): Method HtmlHelper::submit does not exist in [/var/www/html/main/cake/libs/view/helper.php, line 154]
2011-03-22 20:23:46 Warning: Warning (512): Method HtmlHelper::input does not exist in [/var/www/html/main/cake/libs/view/helper.php, line 154]
2011-03-22 20:23:46 Warning: Warning (512): Method HtmlHelper::submit does not exist in [/var/www/html/main/cake/libs/view/helper.php, line 154]
2011-03-28 11:40:07 Warning: Warning (512): Method FormHelper::body does not exist in [/var/www/html/main/cake/libs/view/helper.php, line 154]
2011-03-28 12:41:16 Warning: Warning (512): Method FormHelper::body does not exist in [/var/www/html/main/cake/libs/view/helper.php, line 154]
2011-03-28 12:43:21 Warning: Warning (512): Method HtmlHelper::input does not exist in [/var/www/html/main/cake/libs/view/helper.php, line 154]
2011-03-28 12:43:21 Warning: Warning (512): Method HtmlHelper::submit does not exist in [/var/www/html/main/cake/libs/view/helper.php, line 154]
2011-03-28 12:44:02 Warning: Warning (512): Method FormHelper::body does not exist in [/var/www/html/main/cake/libs/view/helper.php, line 154]
2011-03-28 12:44:55 Warning: Warning (512): Method HtmlHelper::input does not exist in [/var/www/html/main/cake/libs/view/helper.php, line 154]
2011-03-28 12:44:55 Warning: Warning (512): Method HtmlHelper::submit does not exist in [/var/www/html/main/cake/libs/view/helper.php, line 154]
2011-03-28 14:01:40 Warning: Warning (512): <span style="color:Red;text-align:left"><b>SQL Error:</b> 1054: Unknown column 'User.username' in 'where clause'</span> in [/var/www/html/main/cake/libs/model/datasources/dbo_source.php, line 684]
2011-03-28 14:02:20 Warning: Warning (512): <span style="color:Red;text-align:left"><b>SQL Error:</b> 1054: Unknown column 'User.username' in 'where clause'</span> in [/var/www/html/main/cake/libs/model/datasources/dbo_source.php, line 684]
2011-03-28 14:12:32 Warning: Warning (512): <span style="color:Red;text-align:left"><b>SQL Error:</b> 1054: Unknown column 'User.username' in 'where clause'</span> in [/var/www/html/main/cake/libs/model/datasources/dbo_source.php, line 684]
2011-03-28 17:16:26 Warning: Warning (512): <span style="color:Red;text-align:left"><b>SQL Error:</b> 1062: Duplicate entry '' for key 2</span> in [/var/www/html/main/cake/libs/model/datasources/dbo_source.php, line 684]
2011-03-28 21:28:06 Warning: Warning (512): Method FormHelper::body does not exist in [/var/www/html/main/cake/libs/view/helper.php, line 154]
2011-03-29 14:55:06 Warning: Warning (512): Method FormHelper::body does not exist in [/var/www/html/main/cake/libs/view/helper.php, line 154]
2011-03-29 14:56:21 Warning: Warning (512): Method FormHelper::body does not exist in [/var/www/html/main/cake/libs/view/helper.php, line 154]
2011-03-29 14:56:56 Warning: Warning (512): Method FormHelper::body does not exist in [/var/www/html/main/cake/libs/view/helper.php, line 154]
2011-03-29 15:13:41 Warning: Warning (512): Method FormHelper::body does not exist in [/var/www/html/main/cake/libs/view/helper.php, line 154]
2011-03-29 15:13:56 Warning: Warning (512): Method FormHelper::body does not exist in [/var/www/html/main/cake/libs/view/helper.php, line 154]
2011-03-29 15:17:34 Warning: Warning (512): Method FormHelper::body does not exist in [/var/www/html/main/cake/libs/view/helper.php, line 154]
2011-03-29 15:23:23 Warning: Warning (512): Method FormHelper::body does not exist in [/var/www/html/main/cake/libs/view/helper.php, line 154]
2011-03-29 15:23:30 Warning: Warning (512): Method FormHelper::body does not exist in [/var/www/html/main/cake/libs/view/helper.php, line 154]
2011-03-29 15:23:33 Warning: Warning (512): Method FormHelper::body does not exist in [/var/www/html/main/cake/libs/view/helper.php, line 154]
2011-03-29 15:32:19 Warning: Warning (512): Method FormHelper::body does not exist in [/var/www/html/main/cake/libs/view/helper.php, line 154]
2011-03-29 15:49:39 Warning: Warning (512): Method FormHelper::body does not exist in [/var/www/html/main/cake/libs/view/helper.php, line 154]
2011-03-29 15:51:32 Warning: Warning (512): Method FormHelper::body does not exist in [/var/www/html/main/cake/libs/view/helper.php, line 154]
2011-03-29 16:00:27 Warning: Warning (512): Method FormHelper::body does not exist in [/var/www/html/main/cake/libs/view/helper.php, line 154]
2011-03-29 16:00:29 Warning: Warning (512): Method FormHelper::body does not exist in [/var/www/html/main/cake/libs/view/helper.php, line 154]
2011-03-29 16:03:16 Warning: Warning (512): Method FormHelper::body does not exist in [/var/www/html/main/cake/libs/view/helper.php, line 154]
2011-03-29 16:03:33 Warning: Warning (512): Method FormHelper::body does not exist in [/var/www/html/main/cake/libs/view/helper.php, line 154]
2011-03-29 16:21:37 Warning: Warning (512): Method FormHelper::body does not exist in [/var/www/html/main/cake/libs/view/helper.php, line 154]
2011-03-29 16:21:43 Warning: Warning (512): Method FormHelper::body does not exist in [/var/www/html/main/cake/libs/view/helper.php, line 154]
2011-03-29 16:22:59 Warning: Warning (512): Method FormHelper::body does not exist in [/var/www/html/main/cake/libs/view/helper.php, line 154]
2011-03-29 16:23:02 Warning: Warning (512): Method FormHelper::body does not exist in [/var/www/html/main/cake/libs/view/helper.php, line 154]
2011-03-29 16:24:07 Warning: Warning (512): Method FormHelper::body does not exist in [/var/www/html/main/cake/libs/view/helper.php, line 154]
2011-03-29 16:24:22 Warning: Warning (512): Method FormHelper::body does not exist in [/var/www/html/main/cake/libs/view/helper.php, line 154]
2011-03-29 16:26:59 Warning: Warning (512): Method FormHelper::body does not exist in [/var/www/html/main/cake/libs/view/helper.php, line 154]
2011-03-29 16:30:45 Warning: Warning (512): Method FormHelper::body does not exist in [/var/www/html/main/cake/libs/view/helper.php, line 154]
2011-03-29 21:02:42 Warning: Warning (512): Method FormHelper::body does not exist in [/var/www/html/main/cake/libs/view/helper.php, line 154]
2011-03-29 21:02:45 Warning: Warning (512): Method FormHelper::body does not exist in [/var/www/html/main/cake/libs/view/helper.php, line 154]
2011-03-29 21:03:04 Warning: Warning (512): Method FormHelper::body does not exist in [/var/www/html/main/cake/libs/view/helper.php, line 154]
2011-03-29 21:03:19 Warning: Warning (512): Method FormHelper::body does not exist in [/var/www/html/main/cake/libs/view/helper.php, line 154]
2011-03-29 21:03:27 Warning: Warning (512): Method FormHelper::body does not exist in [/var/www/html/main/cake/libs/view/helper.php, line 154]
2011-03-29 21:04:29 Warning: Warning (512): Method FormHelper::body does not exist in [/var/www/html/main/cake/libs/view/helper.php, line 154]
2011-03-29 21:05:21 Warning: Warning (512): Method FormHelper::body does not exist in [/var/www/html/main/cake/libs/view/helper.php, line 154]
2011-03-29 21:05:25 Warning: Warning (512): Method FormHelper::body does not exist in [/var/www/html/main/cake/libs/view/helper.php, line 154]
2011-03-29 21:09:29 Warning: Warning (512): Method FormHelper::body does not exist in [/var/www/html/main/cake/libs/view/helper.php, line 154]
2011-03-29 21:10:19 Warning: Warning (512): Method FormHelper::body does not exist in [/var/www/html/main/cake/libs/view/helper.php, line 154]
2011-03-29 21:13:19 Warning: Warning (512): Method FormHelper::body does not exist in [/var/www/html/main/cake/libs/view/helper.php, line 154]
2011-03-29 21:19:32 Warning: Warning (512): Method FormHelper::body does not exist in [/var/www/html/main/cake/libs/view/helper.php, line 154]
2011-03-29 21:29:07 Warning: Warning (512): Method FormHelper::body does not exist in [/var/www/html/main/cake/libs/view/helper.php, line 154]
2011-03-29 21:31:44 Warning: Warning (512): Method FormHelper::body does not exist in [/var/www/html/main/cake/libs/view/helper.php, line 154]
2011-03-29 21:31:46 Warning: Warning (512): Method FormHelper::body does not exist in [/var/www/html/main/cake/libs/view/helper.php, line 154]
2011-03-29 21:31:53 Warning: Warning (512): Method FormHelper::body does not exist in [/var/www/html/main/cake/libs/view/helper.php, line 154]
2011-03-29 21:31:56 Warning: Warning (512): Method FormHelper::body does not exist in [/var/www/html/main/cake/libs/view/helper.php, line 154]
2011-03-29 21:32:06 Warning: Warning (512): Method FormHelper::body does not exist in [/var/www/html/main/cake/libs/view/helper.php, line 154]
2011-03-29 21:32:07 Warning: Warning (512): Method FormHelper::body does not exist in [/var/www/html/main/cake/libs/view/helper.php, line 154]
2011-03-30 07:41:06 Warning: Warning (512): Method FormHelper::body does not exist in [/var/www/html/main/cake/libs/view/helper.php, line 154]
2011-03-30 09:34:03 Warning: Warning (512): Method FormHelper::body does not exist in [/var/www/html/main/cake/libs/view/helper.php, line 154]
2011-03-30 09:36:34 Warning: Warning (512): Method FormHelper::body does not exist in [/var/www/html/main/cake/libs/view/helper.php, line 154]
2011-03-30 09:49:14 Warning: Warning (512): Method FormHelper::body does not exist in [/var/www/html/main/cake/libs/view/helper.php, line 154]
2011-03-30 09:49:26 Warning: Warning (512): Method FormHelper::body does not exist in [/var/www/html/main/cake/libs/view/helper.php, line 154]
2011-03-30 09:54:06 Warning: Warning (512): Method FormHelper::body does not exist in [/var/www/html/main/cake/libs/view/helper.php, line 154]
2011-03-30 09:56:18 Warning: Warning (512): Method FormHelper::body does not exist in [/var/www/html/main/cake/libs/view/helper.php, line 154]
2011-03-30 09:57:20 Warning: Warning (512): Method FormHelper::body does not exist in [/var/www/html/main/cake/libs/view/helper.php, line 154]
2011-03-30 09:57:25 Warning: Warning (512): Method FormHelper::body does not exist in [/var/www/html/main/cake/libs/view/helper.php, line 154]
2011-03-30 09:57:28 Warning: Warning (512): Method FormHelper::body does not exist in [/var/www/html/main/cake/libs/view/helper.php, line 154]
2011-03-30 09:57:30 Warning: Warning (512): Method FormHelper::body does not exist in [/var/www/html/main/cake/libs/view/helper.php, line 154]
2011-03-30 10:08:04 Warning: Warning (512): Method FormHelper::body does not exist in [/var/www/html/main/cake/libs/view/helper.php, line 154]
2011-03-30 10:08:08 Warning: Warning (512): Method FormHelper::body does not exist in [/var/www/html/main/cake/libs/view/helper.php, line 154]
2011-03-30 10:08:10 Warning: Warning (512): Method FormHelper::body does not exist in [/var/www/html/main/cake/libs/view/helper.php, line 154]
2011-03-30 10:08:31 Warning: Warning (512): Method FormHelper::body does not exist in [/var/www/html/main/cake/libs/view/helper.php, line 154]
2011-03-30 10:08:32 Warning: Warning (512): Method FormHelper::body does not exist in [/var/www/html/main/cake/libs/view/helper.php, line 154]
2011-03-30 10:08:33 Warning: Warning (512): Method FormHelper::body does not exist in [/var/www/html/main/cake/libs/view/helper.php, line 154]
2011-03-30 10:14:39 Warning: Warning (512): Method FormHelper::body does not exist in [/var/www/html/main/cake/libs/view/helper.php, line 154]
2011-03-30 10:17:01 Warning: Warning (512): Method FormHelper::body does not exist in [/var/www/html/main/cake/libs/view/helper.php, line 154]
2011-03-30 10:17:50 Warning: Warning (512): Method FormHelper::body does not exist in [/var/www/html/main/cake/libs/view/helper.php, line 154]
2011-03-30 10:27:04 Warning: Warning (512): Method FormHelper::body does not exist in [/var/www/html/main/cake/libs/view/helper.php, line 154]
2011-03-30 10:27:05 Warning: Warning (512): Method FormHelper::body does not exist in [/var/www/html/main/cake/libs/view/helper.php, line 154]
2011-03-30 10:29:20 Warning: Warning (512): Method FormHelper::body does not exist in [/var/www/html/main/cake/libs/view/helper.php, line 154]
2011-03-30 10:37:56 Warning: Warning (512): Method FormHelper::body does not exist in [/var/www/html/main/cake/libs/view/helper.php, line 154]
2011-03-30 10:37:58 Warning: Warning (512): Method FormHelper::body does not exist in [/var/www/html/main/cake/libs/view/helper.php, line 154]
2011-03-30 10:38:29 Warning: Warning (512): Method FormHelper::body does not exist in [/var/www/html/main/cake/libs/view/helper.php, line 154]
2011-03-30 10:38:31 Warning: Warning (512): Method FormHelper::body does not exist in [/var/www/html/main/cake/libs/view/helper.php, line 154]
2011-03-30 10:40:06 Warning: Warning (512): Method FormHelper::body does not exist in [/var/www/html/main/cake/libs/view/helper.php, line 154]
2011-03-30 10:40:14 Warning: Warning (512): Method FormHelper::body does not exist in [/var/www/html/main/cake/libs/view/helper.php, line 154]
2011-03-30 10:40:15 Warning: Warning (512): Method FormHelper::body does not exist in [/var/www/html/main/cake/libs/view/helper.php, line 154]
2011-03-30 10:41:08 Warning: Warning (512): Method FormHelper::body does not exist in [/var/www/html/main/cake/libs/view/helper.php, line 154]
2011-03-30 10:41:09 Warning: Warning (512): Method FormHelper::body does not exist in [/var/www/html/main/cake/libs/view/helper.php, line 154]
2011-03-30 10:41:15 Warning: Warning (512): Method FormHelper::body does not exist in [/var/www/html/main/cake/libs/view/helper.php, line 154]
2011-03-30 10:41:30 Warning: Warning (512): Method FormHelper::body does not exist in [/var/www/html/main/cake/libs/view/helper.php, line 154]
2011-03-30 10:41:50 Warning: Warning (512): Method FormHelper::body does not exist in [/var/www/html/main/cake/libs/view/helper.php, line 154]
2011-03-30 10:42:48 Warning: Warning (512): Method FormHelper::body does not exist in [/var/www/html/main/cake/libs/view/helper.php, line 154]
2011-03-30 10:42:50 Warning: Warning (512): Method FormHelper::body does not exist in [/var/www/html/main/cake/libs/view/helper.php, line 154]
2011-03-30 10:43:19 Warning: Warning (512): Method FormHelper::body does not exist in [/var/www/html/main/cake/libs/view/helper.php, line 154]
2011-03-30 10:43:21 Warning: Warning (512): Method FormHelper::body does not exist in [/var/www/html/main/cake/libs/view/helper.php, line 154]
2011-03-30 10:43:41 Warning: Warning (512): Method FormHelper::body does not exist in [/var/www/html/main/cake/libs/view/helper.php, line 154]
2011-03-30 10:44:23 Warning: Warning (512): Method FormHelper::body does not exist in [/var/www/html/main/cake/libs/view/helper.php, line 154]
2011-03-30 10:44:24 Warning: Warning (512): Method FormHelper::body does not exist in [/var/www/html/main/cake/libs/view/helper.php, line 154]
2011-03-30 10:44:27 Warning: Warning (512): Method FormHelper::body does not exist in [/var/www/html/main/cake/libs/view/helper.php, line 154]
2011-03-30 10:48:33 Warning: Warning (512): Method FormHelper::body does not exist in [/var/www/html/main/cake/libs/view/helper.php, line 154]
2011-03-30 10:48:33 Warning: Warning (512): Method FormHelper::body does not exist in [/var/www/html/main/cake/libs/view/helper.php, line 154]
2011-03-30 10:48:34 Warning: Warning (512): Method FormHelper::body does not exist in [/var/www/html/main/cake/libs/view/helper.php, line 154]
2011-03-30 10:49:50 Warning: Warning (512): Method FormHelper::body does not exist in [/var/www/html/main/cake/libs/view/helper.php, line 154]
2011-03-30 10:50:18 Warning: Warning (512): Method FormHelper::body does not exist in [/var/www/html/main/cake/libs/view/helper.php, line 154]
2011-03-30 10:50:20 Warning: Warning (512): Method FormHelper::body does not exist in [/var/www/html/main/cake/libs/view/helper.php, line 154]
2011-03-30 10:54:59 Warning: Warning (512): Method FormHelper::body does not exist in [/var/www/html/main/cake/libs/view/helper.php, line 154]
2011-03-30 10:55:02 Warning: Warning (512): Method FormHelper::body does not exist in [/var/www/html/main/cake/libs/view/helper.php, line 154]
2011-03-30 11:41:20 Warning: Warning (512): Method FormHelper::body does not exist in [/var/www/html/main/cake/libs/view/helper.php, line 154]
2011-03-30 11:41:27 Warning: Warning (512): Method FormHelper::body does not exist in [/var/www/html/main/cake/libs/view/helper.php, line 154]
2011-03-30 11:41:29 Warning: Warning (512): Method FormHelper::body does not exist in [/var/www/html/main/cake/libs/view/helper.php, line 154]
2011-03-30 11:42:12 Warning: Warning (512): Method FormHelper::body does not exist in [/var/www/html/main/cake/libs/view/helper.php, line 154]
2011-03-30 11:42:18 Warning: Warning (512): Method FormHelper::body does not exist in [/var/www/html/main/cake/libs/view/helper.php, line 154]
2011-03-30 11:43:00 Warning: Warning (512): Method FormHelper::body does not exist in [/var/www/html/main/cake/libs/view/helper.php, line 154]
2011-03-30 11:43:05 Warning: Warning (512): Method FormHelper::body does not exist in [/var/www/html/main/cake/libs/view/helper.php, line 154]
2011-03-30 12:01:02 Warning: Warning (512): Method FormHelper::body does not exist in [/var/www/html/main/cake/libs/view/helper.php, line 154]
2011-03-30 12:04:13 Warning: Warning (512): Method FormHelper::body does not exist in [/var/www/html/main/cake/libs/view/helper.php, line 154]
2011-03-30 12:05:27 Warning: Warning (512): Method FormHelper::body does not exist in [/var/www/html/main/cake/libs/view/helper.php, line 154]
2011-03-30 12:48:43 Warning: Warning (512): Method FormHelper::body does not exist in [/var/www/html/main/cake/libs/view/helper.php, line 154]
2011-03-30 14:06:50 Warning: Warning (512): Method FormHelper::body does not exist in [/var/www/html/main/cake/libs/view/helper.php, line 154]
2011-03-30 14:07:15 Warning: Warning (512): Method FormHelper::body does not exist in [/var/www/html/main/cake/libs/view/helper.php, line 154]
2011-03-30 14:07:29 Warning: Warning (512): Method FormHelper::body does not exist in [/var/www/html/main/cake/libs/view/helper.php, line 154]
2011-03-30 14:10:48 Warning: Warning (512): Method FormHelper::body does not exist in [/var/www/html/main/cake/libs/view/helper.php, line 154]
2011-03-30 14:12:38 Warning: Warning (512): Method FormHelper::body does not exist in [/var/www/html/main/cake/libs/view/helper.php, line 154]
2011-03-30 14:12:41 Warning: Warning (512): Method FormHelper::body does not exist in [/var/www/html/main/cake/libs/view/helper.php, line 154]
2011-03-30 14:12:42 Warning: Warning (512): Method FormHelper::body does not exist in [/var/www/html/main/cake/libs/view/helper.php, line 154]
2011-03-30 14:14:24 Warning: Warning (512): Method FormHelper::body does not exist in [/var/www/html/main/cake/libs/view/helper.php, line 154]
2011-03-30 14:14:26 Warning: Warning (512): Method FormHelper::body does not exist in [/var/www/html/main/cake/libs/view/helper.php, line 154]
2011-03-30 14:14:27 Warning: Warning (512): Method FormHelper::body does not exist in [/var/www/html/main/cake/libs/view/helper.php, line 154]
2011-03-30 14:18:00 Warning: Warning (512): Method FormHelper::body does not exist in [/var/www/html/main/cake/libs/view/helper.php, line 154]
2011-03-30 14:18:03 Warning: Warning (512): Method FormHelper::body does not exist in [/var/www/html/main/cake/libs/view/helper.php, line 154]
2011-03-30 14:18:27 Warning: Warning (512): Method FormHelper::body does not exist in [/var/www/html/main/cake/libs/view/helper.php, line 154]
2011-03-30 14:18:49 Warning: Warning (512): Method FormHelper::body does not exist in [/var/www/html/main/cake/libs/view/helper.php, line 154]
2011-03-30 14:19:14 Warning: Warning (512): Method FormHelper::body does not exist in [/var/www/html/main/cake/libs/view/helper.php, line 154]
2011-03-30 14:19:34 Warning: Warning (512): Method FormHelper::body does not exist in [/var/www/html/main/cake/libs/view/helper.php, line 154]
2011-03-30 14:20:00 Warning: Warning (512): Method FormHelper::body does not exist in [/var/www/html/main/cake/libs/view/helper.php, line 154]
2011-03-30 14:20:23 Warning: Warning (512): Method FormHelper::body does not exist in [/var/www/html/main/cake/libs/view/helper.php, line 154]
2011-03-30 14:20:32 Warning: Warning (512): Method FormHelper::body does not exist in [/var/www/html/main/cake/libs/view/helper.php, line 154]
2011-03-30 14:20:40 Warning: Warning (512): Method FormHelper::body does not exist in [/var/www/html/main/cake/libs/view/helper.php, line 154]
2011-03-30 14:20:43 Warning: Warning (512): Method FormHelper::body does not exist in [/var/www/html/main/cake/libs/view/helper.php, line 154]
2011-03-30 14:21:30 Warning: Warning (512): Method FormHelper::body does not exist in [/var/www/html/main/cake/libs/view/helper.php, line 154]
2011-03-30 14:21:32 Warning: Warning (512): Method FormHelper::body does not exist in [/var/www/html/main/cake/libs/view/helper.php, line 154]
2011-03-30 14:21:47 Warning: Warning (512): Method FormHelper::body does not exist in [/var/www/html/main/cake/libs/view/helper.php, line 154]
2011-03-30 14:21:49 Warning: Warning (512): Method FormHelper::body does not exist in [/var/www/html/main/cake/libs/view/helper.php, line 154]
2011-03-30 14:21:56 Warning: Warning (512): Method FormHelper::body does not exist in [/var/www/html/main/cake/libs/view/helper.php, line 154]
2011-03-30 14:22:02 Warning: Warning (512): Method FormHelper::body does not exist in [/var/www/html/main/cake/libs/view/helper.php, line 154]
2011-03-30 14:27:35 Warning: Warning (512): Method FormHelper::body does not exist in [/var/www/html/main/cake/libs/view/helper.php, line 154]
2011-03-30 14:28:18 Warning: Warning (512): Method FormHelper::body does not exist in [/var/www/html/main/cake/libs/view/helper.php, line 154]
2011-03-30 14:28:19 Warning: Warning (512): Method FormHelper::body does not exist in [/var/www/html/main/cake/libs/view/helper.php, line 154]
2011-03-30 14:28:25 Warning: Warning (512): Method FormHelper::body does not exist in [/var/www/html/main/cake/libs/view/helper.php, line 154]
2011-03-30 14:28:28 Warning: Warning (512): Method FormHelper::body does not exist in [/var/www/html/main/cake/libs/view/helper.php, line 154]
2011-03-30 14:28:29 Warning: Warning (512): Method FormHelper::body does not exist in [/var/www/html/main/cake/libs/view/helper.php, line 154]
2011-03-30 14:28:41 Warning: Warning (512): Method FormHelper::body does not exist in [/var/www/html/main/cake/libs/view/helper.php, line 154]
2011-03-30 14:29:09 Warning: Warning (512): Method FormHelper::body does not exist in [/var/www/html/main/cake/libs/view/helper.php, line 154]
2011-03-30 14:32:30 Warning: Warning (512): Method FormHelper::body does not exist in [/var/www/html/main/cake/libs/view/helper.php, line 154]
2011-03-30 14:32:31 Warning: Warning (512): Method FormHelper::body does not exist in [/var/www/html/main/cake/libs/view/helper.php, line 154]
2011-03-30 14:32:59 Warning: Warning (512): Method FormHelper::body does not exist in [/var/www/html/main/cake/libs/view/helper.php, line 154]
2011-03-30 14:33:00 Warning: Warning (512): Method FormHelper::body does not exist in [/var/www/html/main/cake/libs/view/helper.php, line 154]
2011-03-30 14:33:31 Warning: Warning (512): Method FormHelper::body does not exist in [/var/www/html/main/cake/libs/view/helper.php, line 154]
2011-03-30 14:33:32 Warning: Warning (512): Method FormHelper::body does not exist in [/var/www/html/main/cake/libs/view/helper.php, line 154]
2011-03-30 14:33:33 Warning: Warning (512): Method FormHelper::body does not exist in [/var/www/html/main/cake/libs/view/helper.php, line 154]
2011-03-30 14:33:40 Warning: Warning (512): Method FormHelper::body does not exist in [/var/www/html/main/cake/libs/view/helper.php, line 154]
2011-03-30 14:33:43 Warning: Warning (512): Method FormHelper::body does not exist in [/var/www/html/main/cake/libs/view/helper.php, line 154]
2011-03-30 14:33:44 Warning: Warning (512): Method FormHelper::body does not exist in [/var/www/html/main/cake/libs/view/helper.php, line 154]
2011-03-30 14:37:33 Warning: Warning (512): Method FormHelper::body does not exist in [/var/www/html/main/cake/libs/view/helper.php, line 154]
2011-03-30 14:37:44 Warning: Warning (512): Method FormHelper::body does not exist in [/var/www/html/main/cake/libs/view/helper.php, line 154]
2011-03-30 14:38:03 Warning: Warning (512): Method FormHelper::body does not exist in [/var/www/html/main/cake/libs/view/helper.php, line 154]
2011-03-30 14:38:21 Warning: Warning (512): Method FormHelper::body does not exist in [/var/www/html/main/cake/libs/view/helper.php, line 154]
2011-03-30 14:38:22 Warning: Warning (512): Method FormHelper::body does not exist in [/var/www/html/main/cake/libs/view/helper.php, line 154]
2011-03-30 14:38:34 Warning: Warning (512): Method FormHelper::body does not exist in [/var/www/html/main/cake/libs/view/helper.php, line 154]
2011-03-30 14:39:36 Warning: Warning (512): Method FormHelper::body does not exist in [/var/www/html/main/cake/libs/view/helper.php, line 154]
2011-03-30 14:39:37 Warning: Warning (512): Method FormHelper::body does not exist in [/var/www/html/main/cake/libs/view/helper.php, line 154]
2011-03-30 14:39:38 Warning: Warning (512): Method FormHelper::body does not exist in [/var/www/html/main/cake/libs/view/helper.php, line 154]
2011-03-30 14:39:39 Warning: Warning (512): Method FormHelper::body does not exist in [/var/www/html/main/cake/libs/view/helper.php, line 154]
2011-03-30 14:39:50 Warning: Warning (512): Method FormHelper::body does not exist in [/var/www/html/main/cake/libs/view/helper.php, line 154]
2011-03-30 14:39:51 Warning: Warning (512): Method FormHelper::body does not exist in [/var/www/html/main/cake/libs/view/helper.php, line 154]
2011-03-30 14:39:58 Warning: Warning (512): Method FormHelper::body does not exist in [/var/www/html/main/cake/libs/view/helper.php, line 154]
2011-03-30 14:40:25 Warning: Warning (512): Method FormHelper::body does not exist in [/var/www/html/main/cake/libs/view/helper.php, line 154]
2011-03-30 14:40:31 Warning: Warning (512): Method FormHelper::body does not exist in [/var/www/html/main/cake/libs/view/helper.php, line 154]
2011-03-30 14:41:15 Warning: Warning (512): Method FormHelper::body does not exist in [/var/www/html/main/cake/libs/view/helper.php, line 154]
2011-03-30 14:41:16 Warning: Warning (512): Method FormHelper::body does not exist in [/var/www/html/main/cake/libs/view/helper.php, line 154]
2011-03-30 14:45:46 Warning: Warning (512): Method FormHelper::body does not exist in [/var/www/html/main/cake/libs/view/helper.php, line 154]
2011-03-30 14:45:47 Warning: Warning (512): Method FormHelper::body does not exist in [/var/www/html/main/cake/libs/view/helper.php, line 154]
2011-03-30 14:45:52 Warning: Warning (512): Method FormHelper::body does not exist in [/var/www/html/main/cake/libs/view/helper.php, line 154]
2011-03-30 14:45:54 Warning: Warning (512): Method FormHelper::body does not exist in [/var/www/html/main/cake/libs/view/helper.php, line 154]
2011-03-30 14:45:56 Warning: Warning (512): Method FormHelper::body does not exist in [/var/www/html/main/cake/libs/view/helper.php, line 154]
2011-03-30 14:46:36 Warning: Warning (512): Method FormHelper::body does not exist in [/var/www/html/main/cake/libs/view/helper.php, line 154]
2011-03-30 14:47:18 Warning: Warning (512): Method FormHelper::body does not exist in [/var/www/html/main/cake/libs/view/helper.php, line 154]
2011-03-30 14:47:28 Warning: Warning (512): Method FormHelper::body does not exist in [/var/www/html/main/cake/libs/view/helper.php, line 154]
2011-03-30 14:47:30 Warning: Warning (512): Method FormHelper::body does not exist in [/var/www/html/main/cake/libs/view/helper.php, line 154]
2011-03-30 14:47:40 Warning: Warning (512): Method FormHelper::body does not exist in [/var/www/html/main/cake/libs/view/helper.php, line 154]
2011-03-30 14:47:47 Warning: Warning (512): Method FormHelper::body does not exist in [/var/www/html/main/cake/libs/view/helper.php, line 154]
2011-03-30 14:49:53 Warning: Warning (512): Method FormHelper::body does not exist in [/var/www/html/main/cake/libs/view/helper.php, line 154]
2011-03-30 14:50:20 Warning: Warning (512): Method FormHelper::body does not exist in [/var/www/html/main/cake/libs/view/helper.php, line 154]
2011-03-30 14:50:25 Warning: Warning (512): Method FormHelper::body does not exist in [/var/www/html/main/cake/libs/view/helper.php, line 154]
2011-03-30 14:52:14 Warning: Warning (512): Method FormHelper::body does not exist in [/var/www/html/main/cake/libs/view/helper.php, line 154]
2011-03-30 14:52:51 Warning: Warning (512): Method FormHelper::body does not exist in [/var/www/html/main/cake/libs/view/helper.php, line 154]
2011-03-30 15:19:38 Warning: Warning (512): Method FormHelper::body does not exist in [/var/www/html/main/cake/libs/view/helper.php, line 154]
2011-03-30 15:19:39 Warning: Warning (512): Method FormHelper::body does not exist in [/var/www/html/main/cake/libs/view/helper.php, line 154]
2011-03-30 15:19:55 Warning: Warning (512): Method FormHelper::body does not exist in [/var/www/html/main/cake/libs/view/helper.php, line 154]
2011-03-30 15:19:56 Warning: Warning (512): Method FormHelper::body does not exist in [/var/www/html/main/cake/libs/view/helper.php, line 154]
2011-03-30 15:19:57 Warning: Warning (512): Method FormHelper::body does not exist in [/var/www/html/main/cake/libs/view/helper.php, line 154]
2011-03-30 15:20:03 Warning: Warning (512): Method FormHelper::body does not exist in [/var/www/html/main/cake/libs/view/helper.php, line 154]
2011-03-30 15:20:09 Warning: Warning (512): Method FormHelper::body does not exist in [/var/www/html/main/cake/libs/view/helper.php, line 154]
2011-03-30 15:25:25 Warning: Warning (512): Method FormHelper::body does not exist in [/var/www/html/main/cake/libs/view/helper.php, line 154]
2011-03-30 15:25:27 Warning: Warning (512): Method FormHelper::body does not exist in [/var/www/html/main/cake/libs/view/helper.php, line 154]
2011-03-30 15:25:29 Warning: Warning (512): Method FormHelper::body does not exist in [/var/www/html/main/cake/libs/view/helper.php, line 154]
2011-03-30 15:27:03 Warning: Warning (512): Method FormHelper::body does not exist in [/var/www/html/main/cake/libs/view/helper.php, line 154]
2011-03-30 15:27:11 Warning: Warning (512): Method FormHelper::body does not exist in [/var/www/html/main/cake/libs/view/helper.php, line 154]
2011-03-30 15:30:24 Warning: Warning (512): Method FormHelper::body does not exist in [/var/www/html/main/cake/libs/view/helper.php, line 154]
2011-03-30 15:30:44 Warning: Warning (512): Method FormHelper::body does not exist in [/var/www/html/main/cake/libs/view/helper.php, line 154]
2011-03-30 15:30:46 Warning: Warning (512): Method FormHelper::body does not exist in [/var/www/html/main/cake/libs/view/helper.php, line 154]
2011-03-30 15:30:48 Warning: Warning (512): Method FormHelper::body does not exist in [/var/www/html/main/cake/libs/view/helper.php, line 154]
2011-03-30 15:30:56 Warning: Warning (512): Method FormHelper::body does not exist in [/var/www/html/main/cake/libs/view/helper.php, line 154]
2011-03-30 15:30:57 Warning: Warning (512): Method FormHelper::body does not exist in [/var/www/html/main/cake/libs/view/helper.php, line 154]
2011-03-30 15:33:29 Warning: Warning (512): Method FormHelper::body does not exist in [/var/www/html/main/cake/libs/view/helper.php, line 154]
2011-03-30 15:36:06 Warning: Warning (512): Method FormHelper::body does not exist in [/var/www/html/main/cake/libs/view/helper.php, line 154]
2011-03-30 16:40:33 Warning: Warning (512): Method FormHelper::body does not exist in [/var/www/html/main/cake/libs/view/helper.php, line 154]
2011-03-30 16:40:34 Warning: Warning (512): Method FormHelper::body does not exist in [/var/www/html/main/cake/libs/view/helper.php, line 154]
2011-03-30 16:44:13 Warning: Warning (512): Method FormHelper::body does not exist in [/var/www/html/main/cake/libs/view/helper.php, line 154]
2011-03-30 16:45:24 Warning: Warning (512): Method FormHelper::body does not exist in [/var/www/html/main/cake/libs/view/helper.php, line 154]
2011-03-30 18:57:26 Warning: Warning (512): Method FormHelper::body does not exist in [/var/www/html/main/cake/libs/view/helper.php, line 154]
2011-03-30 19:00:05 Warning: Warning (512): Method FormHelper::body does not exist in [/var/www/html/main/cake/libs/view/helper.php, line 154]
2011-03-30 19:01:00 Warning: Warning (512): Method FormHelper::body does not exist in [/var/www/html/main/cake/libs/view/helper.php, line 154]
2011-03-30 19:02:11 Warning: Warning (512): Method FormHelper::body does not exist in [/var/www/html/main/cake/libs/view/helper.php, line 154]
2011-03-30 19:18:30 Warning: Warning (512): Method FormHelper::body does not exist in [/var/www/html/main/cake/libs/view/helper.php, line 154]
2011-03-30 19:18:43 Warning: Warning (512): Method FormHelper::body does not exist in [/var/www/html/main/cake/libs/view/helper.php, line 154]
2011-03-30 19:19:47 Warning: Warning (512): Method FormHelper::body does not exist in [/var/www/html/main/cake/libs/view/helper.php, line 154]
2011-03-30 19:22:57 Warning: Warning (512): Method FormHelper::body does not exist in [/var/www/html/main/cake/libs/view/helper.php, line 154]
2011-03-30 19:23:00 Warning: Warning (512): Method FormHelper::body does not exist in [/var/www/html/main/cake/libs/view/helper.php, line 154]
2011-03-30 19:26:02 Warning: Warning (512): Method FormHelper::body does not exist in [/var/www/html/main/cake/libs/view/helper.php, line 154]
2011-03-30 19:26:04 Warning: Warning (512): Method FormHelper::body does not exist in [/var/www/html/main/cake/libs/view/helper.php, line 154]
2011-03-30 19:26:46 Warning: Warning (512): Method FormHelper::body does not exist in [/var/www/html/main/cake/libs/view/helper.php, line 154]
2011-03-30 19:26:47 Warning: Warning (512): Method FormHelper::body does not exist in [/var/www/html/main/cake/libs/view/helper.php, line 154]
2011-03-30 19:27:33 Warning: Warning (512): Method FormHelper::body does not exist in [/var/www/html/main/cake/libs/view/helper.php, line 154]
2011-03-30 19:27:35 Warning: Warning (512): Method FormHelper::body does not exist in [/var/www/html/main/cake/libs/view/helper.php, line 154]
2011-03-30 19:27:57 Warning: Warning (512): Method FormHelper::body does not exist in [/var/www/html/main/cake/libs/view/helper.php, line 154]
2011-03-30 21:05:48 Warning: Warning (2): Invalid argument supplied for foreach() in [/var/www/html/main/app/views/home/index.ctp, line 6]
2011-03-30 21:06:06 Warning: Warning (2): Invalid argument supplied for foreach() in [/var/www/html/main/app/views/home/index.ctp, line 6]
2011-03-30 21:08:06 Warning: Warning (2): Invalid argument supplied for foreach() in [/var/www/html/main/app/views/home/index.ctp, line 6]
2011-03-30 21:08:08 Warning: Warning (2): Invalid argument supplied for foreach() in [/var/www/html/main/app/views/home/index.ctp, line 6]
2011-03-30 21:15:33 Warning: Warning (2): Invalid argument supplied for foreach() in [/var/www/html/main/app/views/home/index.ctp, line 6]
2011-03-30 21:16:19 Warning: Warning (2): Invalid argument supplied for foreach() in [/var/www/html/main/app/views/home/index.ctp, line 6]
2011-03-30 21:17:29 Warning: Warning (2): Invalid argument supplied for foreach() in [/var/www/html/main/app/views/home/index.ctp, line 6]
2011-03-30 21:17:36 Warning: Warning (2): Invalid argument supplied for foreach() in [/var/www/html/main/app/views/home/index.ctp, line 6]
2011-03-30 21:46:23 Warning: Warning (512): <span style="color:Red;text-align:left"><b>SQL Error:</b> 1054: Unknown column 'User.user_id' in 'on clause'</span> in [/var/www/html/main/cake/libs/model/datasources/dbo_source.php, line 684]
2011-03-30 21:46:23 Warning: Warning (2): Invalid argument supplied for foreach() in [/var/www/html/main/app/views/home/index.ctp, line 6]
2011-03-30 21:53:54 Warning: Warning (512): <span style="color:Red;text-align:left"><b>SQL Error:</b> 1054: Unknown column 'User.username' in 'field list'</span> in [/var/www/html/main/cake/libs/model/datasources/dbo_source.php, line 684]
2011-03-30 21:53:54 Warning: Warning (2): Invalid argument supplied for foreach() in [/var/www/html/main/app/views/home/index.ctp, line 13]
2011-03-30 21:59:48 Warning: Warning (512): <span style="color:Red;text-align:left"><b>SQL Error:</b> 1054: Unknown column 'User.Post.user_id' in 'on clause'</span> in [/var/www/html/main/cake/libs/model/datasources/dbo_source.php, line 684]
2011-03-30 21:59:48 Warning: Warning (2): Invalid argument supplied for foreach() in [/var/www/html/main/app/views/home/index.ctp, line 13]
2011-03-30 22:03:09 Warning: Warning (512): <span style="color:Red;text-align:left"><b>SQL Error:</b> 1054: Unknown column 'User.name' in 'field list'</span> in [/var/www/html/main/cake/libs/model/datasources/dbo_source.php, line 684]
2011-03-30 22:03:09 Warning: Warning (2): Invalid argument supplied for foreach() in [/var/www/html/main/app/views/home/index.ctp, line 13]
2011-04-01 10:50:25 Warning: Warning (512): Could not find validation handler sameCheck for password_chk in [/var/www/html/main/cake/libs/model/model.php, line 2613]
2011-04-01 10:50:37 Warning: Warning (512): Could not find validation handler sameCheck for password_chk in [/var/www/html/main/cake/libs/model/model.php, line 2613]
2011-04-01 10:50:50 Warning: Warning (512): Could not find validation handler sameCheck for password_chk in [/var/www/html/main/cake/libs/model/model.php, line 2613]
2011-04-01 10:51:44 Warning: Warning (512): Could not find validation handler sameCheck for password_chk in [/var/www/html/main/cake/libs/model/model.php, line 2613]
2011-04-01 10:52:54 Warning: Warning (512): Could not find validation handler sameCheck for password_chk in [/var/www/html/main/cake/libs/model/model.php, line 2613]
2011-04-01 18:27:50 Warning: Warning (2): Missing argument 1 for FollowingsController::following_user() in [/var/www/html/main/app/controllers/followings_controller.php, line 10]
2011-04-01 18:51:45 Warning: Warning (2): Missing argument 1 for FollowingsController::following_user() in [/var/www/html/main/app/controllers/followings_controller.php, line 10]
2011-04-01 19:02:42 Warning: Warning (2): Missing argument 1 for FollowingsController::following_user() in [/var/www/html/main/app/controllers/followings_controller.php, line 10]
2011-04-01 19:23:26 Warning: Warning (512): <span style="color:Red;text-align:left"><b>SQL Error:</b> 1054: Unknown column 'following_id' in 'where clause'</span> in [/var/www/html/main/cake/libs/model/datasources/dbo_source.php, line 684]
2011-04-01 19:47:04 Warning: Warning (2): Invalid argument supplied for foreach() in [/var/www/html/main/app/views/users/show_users.ctp, line 3]
2011-04-01 19:47:20 Warning: Warning (2): Invalid argument supplied for foreach() in [/var/www/html/main/app/views/users/show_users.ctp, line 3]
2011-04-01 19:56:19 Warning: Warning (2): in_array() [<a href='http://php.net/function.in-array'>function.in-array</a>]: Wrong datatype for second argument in [/var/www/html/main/app/views/users/show_users.ctp, line 13]
2011-04-03 23:51:16 Warning: Warning (2): Cannot modify header information - headers already sent by (output started at /var/www/html/main/cake/libs/debugger.php:673) in [/var/www/html/main/cake/libs/controller/controller.php, line 742]
2011-04-03 23:57:42 Warning: Warning (512): <span style="color:Red;text-align:left"><b>SQL Error:</b> 1064: You have an error in your SQL syntax; check the manual that corresponds to your MySQL server version for the right syntax to use near 'remove' at line 1</span> in [/var/www/html/main/cake/libs/model/datasources/dbo_source.php, line 684]
2011-04-03 23:58:30 Warning: Warning (512): <span style="color:Red;text-align:left"><b>SQL Error:</b> 1064: You have an error in your SQL syntax; check the manual that corresponds to your MySQL server version for the right syntax to use near 'remove' at line 1</span> in [/var/www/html/main/cake/libs/model/datasources/dbo_source.php, line 684]
2011-04-04 00:01:13 Warning: Warning (512): <span style="color:Red;text-align:left"><b>SQL Error:</b> 1064: You have an error in your SQL syntax; check the manual that corresponds to your MySQL server version for the right syntax to use near 'remove' at line 1</span> in [/var/www/html/main/cake/libs/model/datasources/dbo_source.php, line 684]
2011-04-04 00:03:48 Warning: Warning (512): <span style="color:Red;text-align:left"><b>SQL Error:</b> 1054: Unknown column 'Following' in 'where clause'</span> in [/var/www/html/main/cake/libs/model/datasources/dbo_source.php, line 684]
2011-04-04 10:47:33 Warning: Warning (512): <span style="color:Red;text-align:left"><b>SQL Error:</b> 1054: Unknown column 'follower_id' in 'where clause'</span> in [/var/www/html/main/cake/libs/model/datasources/dbo_source.php, line 684]
2011-04-04 10:47:33 Warning: Warning (2): Invalid argument supplied for foreach() in [/var/www/html/main/app/controllers/users_controller.php, line 141]
2011-04-04 10:49:56 Warning: Warning (512): <span style="color:Red;text-align:left"><b>SQL Error:</b> 1054: Unknown column 'follower_id' in 'where clause'</span> in [/var/www/html/main/cake/libs/model/datasources/dbo_source.php, line 684]
2011-04-04 10:49:56 Warning: Warning (2): Invalid argument supplied for foreach() in [/var/www/html/main/app/controllers/users_controller.php, line 141]
2011-04-04 11:00:40 Warning: Warning (512): <span style="color:Red;text-align:left"><b>SQL Error:</b> 1062: Duplicate entry '1-3' for key 2</span> in [/var/www/html/main/cake/libs/model/datasources/dbo_source.php, line 684]
2011-04-04 11:05:09 Warning: Warning (512): <span style="color:Red;text-align:left"><b>SQL Error:</b> 1062: Duplicate entry '1-3' for key 2</span> in [/var/www/html/main/cake/libs/model/datasources/dbo_source.php, line 684]
2011-04-04 11:05:28 Warning: Warning (512): <span style="color:Red;text-align:left"><b>SQL Error:</b> 1062: Duplicate entry '1-3' for key 2</span> in [/var/www/html/main/cake/libs/model/datasources/dbo_source.php, line 684]
2011-04-04 11:08:38 Warning: Warning (512): <span style="color:Red;text-align:left"><b>SQL Error:</b> 1062: Duplicate entry '1-2' for key 2</span> in [/var/www/html/main/cake/libs/model/datasources/dbo_source.php, line 684]
2011-04-05 19:51:59 Warning: Warning (512): <span style="color:Red;text-align:left"><b>SQL Error:</b> 1054: Unknown column 'following_id' in 'where clause'</span> in [/var/www/html/main/cake/libs/model/datasources/dbo_source.php, line 684]
2011-04-05 19:59:12 Warning: Warning (512): <span style="color:Red;text-align:left"><b>SQL Error:</b> 1054: Unknown column 'following_id' in 'where clause'</span> in [/var/www/html/main/cake/libs/model/datasources/dbo_source.php, line 684]
2011-04-05 21:22:16 Warning: Warning (2): in_array() [<a href='http://php.net/function.in-array'>function.in-array</a>]: Wrong datatype for second argument in [/var/www/html/main/app/views/home/index.ctp, line 21]
